[debug] [2020-06-08T00:12:55.080Z] ----------------------------------------------------------------------
[debug] [2020-06-08T00:12:55.082Z] Command:       /usr/local/Cellar/node/14.4.0/bin/node /usr/local/bin/firebase deploy --only functions
[debug] [2020-06-08T00:12:55.082Z] CLI Version:   8.4.2
[debug] [2020-06-08T00:12:55.082Z] Platform:      darwin
[debug] [2020-06-08T00:12:55.082Z] Node Version:  v14.4.0
[debug] [2020-06-08T00:12:55.083Z] Time:          Sun Jun 07 2020 17:12:55 GMT-0700 (Pacific Daylight Time)
[debug] [2020-06-08T00:12:55.083Z] ----------------------------------------------------------------------
[debug] [2020-06-08T00:12:55.083Z] 
[debug] [2020-06-08T00:12:55.094Z] > command requires scopes: ["email","openid","https://www.googleapis.com/auth/cloudplatformprojects.readonly","https://www.googleapis.com/auth/firebase","https://www.googleapis.com/auth/cloud-platform"]
[debug] [2020-06-08T00:12:55.094Z] > authorizing via signed-in user
[debug] [2020-06-08T00:12:55.094Z] [iam] checking project addrobots for permissions ["cloudfunctions.functions.create","cloudfunctions.functions.delete","cloudfunctions.functions.get","cloudfunctions.functions.list","cloudfunctions.functions.update","cloudfunctions.operations.get","firebase.projects.get"]
[debug] [2020-06-08T00:12:55.097Z] >>> HTTP REQUEST POST https://cloudresourcemanager.googleapis.com/v1/projects/addrobots:testIamPermissions  
 {"permissions":["cloudfunctions.functions.create","cloudfunctions.functions.delete","cloudfunctions.functions.get","cloudfunctions.functions.list","cloudfunctions.functions.update","cloudfunctions.operations.get","firebase.projects.get"]}
[debug] [2020-06-08T00:12:55.281Z] <<< HTTP RESPONSE 200 {"content-type":"application/json; charset=UTF-8","vary":"X-Origin, Referer, Origin,Accept-Encoding","date":"Mon, 08 Jun 2020 00:12:55 GMT","server":"ESF","cache-control":"private","x-xss-protection":"0","x-frame-options":"SAMEORIGIN","x-content-type-options":"nosniff","server-timing":"gfet4t7; dur=60","alt-svc":"h3-27=\":443\"; ma=2592000,h3-25=\":443\"; ma=2592000,h3-T050=\":443\"; ma=2592000,h3-Q050=\":443\"; ma=2592000,h3-Q049=\":443\"; ma=2592000,h3-Q048=\":443\"; ma=2592000,h3-Q046=\":443\"; ma=2592000,h3-Q043=\":443\"; ma=2592000,quic=\":443\"; ma=2592000; v=\"46,43\"","accept-ranges":"none","transfer-encoding":"chunked"}
[debug] [2020-06-08T00:12:55.283Z] >>> HTTP REQUEST POST https://iam.googleapis.com/v1/projects/addrobots/serviceAccounts/addrobots@appspot.gserviceaccount.com:testIamPermissions  
 {"permissions":["iam.serviceAccounts.actAs"]}
[debug] [2020-06-08T00:12:55.467Z] <<< HTTP RESPONSE 200 {"content-type":"application/json; charset=UTF-8","vary":"X-Origin, Referer, Origin,Accept-Encoding","date":"Mon, 08 Jun 2020 00:12:55 GMT","server":"ESF","cache-control":"private","x-xss-protection":"0","x-frame-options":"SAMEORIGIN","x-content-type-options":"nosniff","alt-svc":"h3-27=\":443\"; ma=2592000,h3-25=\":443\"; ma=2592000,h3-T050=\":443\"; ma=2592000,h3-Q050=\":443\"; ma=2592000,h3-Q049=\":443\"; ma=2592000,h3-Q048=\":443\"; ma=2592000,h3-Q046=\":443\"; ma=2592000,h3-Q043=\":443\"; ma=2592000,quic=\":443\"; ma=2592000; v=\"46,43\"","accept-ranges":"none","transfer-encoding":"chunked"}
[info] 
[info] === Deploying to 'addrobots'...
[info] 
[info] i  deploying functions 
[debug] [2020-06-08T00:12:58.228Z] > [functions] package.json contents: {
  "name": "functions",
  "description": "Cloud Functions for Firebase",
  "scripts": {
    "serve": "firebase serve --only functions",
    "shell": "firebase experimental:functions:shell",
    "start": "npm run shell",
    "deploy": "firebase deploy --only functions",
    "logs": "firebase functions:log"
  },
  "dependencies": {
    "cors": "^2.8.5",
    "firebase-admin": "^8.12.1",
    "firebase-functions": "^3.6.2",
    "firebase-tools": "^8.4.2",
    "googleapis": "^52.1.0",
    "lint": "^1.1.2",
    "request": "^2.88.2"
  },
  "private": true,
  "engines": {
    "node": "8"
  }
}
[info] i  functions: ensuring required API cloudfunctions.googleapis.com is enabled... 
[debug] [2020-06-08T00:12:59.768Z] [functions] runtime dependency check dates: warning: 2020-05-21T00:00:00.000Z error: 2020-06-23T00:00:00.000Z
[debug] [2020-06-08T00:12:59.769Z] >>> HTTP REQUEST GET https://serviceusage.googleapis.com/v1/projects/addrobots/services/cloudfunctions.googleapis.com  
 
[debug] [2020-06-08T00:12:59.769Z] >>> HTTP REQUEST GET https://serviceusage.googleapis.com/v1/projects/addrobots/services/runtimeconfig.googleapis.com  
 
[debug] [2020-06-08T00:13:00.050Z] <<< HTTP RESPONSE 200 {"content-type":"application/json; charset=UTF-8","vary":"X-Origin, Referer, Origin,Accept-Encoding","date":"Mon, 08 Jun 2020 00:13:00 GMT","server":"ESF","cache-control":"private","x-xss-protection":"0","x-frame-options":"SAMEORIGIN","x-content-type-options":"nosniff","alt-svc":"h3-27=\":443\"; ma=2592000,h3-25=\":443\"; ma=2592000,h3-T050=\":443\"; ma=2592000,h3-Q050=\":443\"; ma=2592000,h3-Q049=\":443\"; ma=2592000,h3-Q048=\":443\"; ma=2592000,h3-Q046=\":443\"; ma=2592000,h3-Q043=\":443\"; ma=2592000,quic=\":443\"; ma=2592000; v=\"46,43\"","accept-ranges":"none","transfer-encoding":"chunked"}
[debug] [2020-06-08T00:13:00.224Z] <<< HTTP RESPONSE 200 {"content-type":"application/json; charset=UTF-8","vary":"X-Origin, Referer, Origin,Accept-Encoding","date":"Mon, 08 Jun 2020 00:13:00 GMT","server":"ESF","cache-control":"private","x-xss-protection":"0","x-frame-options":"SAMEORIGIN","x-content-type-options":"nosniff","alt-svc":"h3-27=\":443\"; ma=2592000,h3-25=\":443\"; ma=2592000,h3-T050=\":443\"; ma=2592000,h3-Q050=\":443\"; ma=2592000,h3-Q049=\":443\"; ma=2592000,h3-Q048=\":443\"; ma=2592000,h3-Q046=\":443\"; ma=2592000,h3-Q043=\":443\"; ma=2592000,quic=\":443\"; ma=2592000; v=\"46,43\"","accept-ranges":"none","transfer-encoding":"chunked"}
[info] ✔  functions: required API cloudfunctions.googleapis.com is enabled 
[debug] [2020-06-08T00:13:00.225Z] >>> HTTP REQUEST GET https://firebase.googleapis.com/v1beta1/projects/addrobots/adminSdkConfig  
 
[debug] [2020-06-08T00:13:00.493Z] <<< HTTP RESPONSE 200 {"content-type":"application/json; charset=UTF-8","vary":"X-Origin, Referer, Origin,Accept-Encoding","date":"Mon, 08 Jun 2020 00:13:00 GMT","server":"ESF","cache-control":"private","x-xss-protection":"0","x-frame-options":"SAMEORIGIN","x-content-type-options":"nosniff","alt-svc":"h3-27=\":443\"; ma=2592000,h3-25=\":443\"; ma=2592000,h3-T050=\":443\"; ma=2592000,h3-Q050=\":443\"; ma=2592000,h3-Q049=\":443\"; ma=2592000,h3-Q048=\":443\"; ma=2592000,h3-Q046=\":443\"; ma=2592000,h3-Q043=\":443\"; ma=2592000,quic=\":443\"; ma=2592000; v=\"46,43\"","accept-ranges":"none","transfer-encoding":"chunked"}
[info] i  functions: preparing functions directory for uploading... 
[debug] [2020-06-08T00:13:00.495Z] >>> HTTP REQUEST GET https://runtimeconfig.googleapis.com/v1beta1/projects/addrobots/configs  
 
[debug] [2020-06-08T00:13:00.810Z] <<< HTTP RESPONSE 200 {"content-type":"application/json; charset=UTF-8","vary":"X-Origin, Referer, Origin,Accept-Encoding","date":"Mon, 08 Jun 2020 00:13:00 GMT","server":"ESF","cache-control":"private","x-xss-protection":"0","x-frame-options":"SAMEORIGIN","x-content-type-options":"nosniff","alt-svc":"h3-27=\":443\"; ma=2592000,h3-25=\":443\"; ma=2592000,h3-T050=\":443\"; ma=2592000,h3-Q050=\":443\"; ma=2592000,h3-Q049=\":443\"; ma=2592000,h3-Q048=\":443\"; ma=2592000,h3-Q046=\":443\"; ma=2592000,h3-Q043=\":443\"; ma=2592000,quic=\":443\"; ma=2592000; v=\"46,43\"","accept-ranges":"none","transfer-encoding":"chunked"}
[info] i  functions: packaged functions (79.02 KB) for uploading 
[debug] [2020-06-08T00:13:01.713Z] >>> HTTP REQUEST GET https://cloudfunctions.googleapis.com/v1/projects/addrobots/locations/-/functions  
 
[debug] [2020-06-08T00:13:02.158Z] <<< HTTP RESPONSE 200 {"content-type":"application/json; charset=UTF-8","vary":"X-Origin, Referer, Origin,Accept-Encoding","date":"Mon, 08 Jun 2020 00:13:02 GMT","server":"ESF","cache-control":"private","x-xss-protection":"0","x-frame-options":"SAMEORIGIN","x-content-type-options":"nosniff","alt-svc":"h3-27=\":443\"; ma=2592000,h3-25=\":443\"; ma=2592000,h3-T050=\":443\"; ma=2592000,h3-Q050=\":443\"; ma=2592000,h3-Q049=\":443\"; ma=2592000,h3-Q048=\":443\"; ma=2592000,h3-Q046=\":443\"; ma=2592000,h3-Q043=\":443\"; ma=2592000,quic=\":443\"; ma=2592000; v=\"46,43\"","accept-ranges":"none","transfer-encoding":"chunked"}
[debug] [2020-06-08T00:13:02.161Z] >>> HTTP REQUEST POST https://cloudfunctions.googleapis.com/v1/projects/addrobots/locations/us-central1/functions:generateUploadUrl  
 
[debug] [2020-06-08T00:13:03.044Z] <<< HTTP RESPONSE 200 {"content-type":"application/json; charset=UTF-8","vary":"X-Origin, Referer, Origin,Accept-Encoding","date":"Mon, 08 Jun 2020 00:13:02 GMT","server":"ESF","cache-control":"private","x-xss-protection":"0","x-frame-options":"SAMEORIGIN","x-content-type-options":"nosniff","alt-svc":"h3-27=\":443\"; ma=2592000,h3-25=\":443\"; ma=2592000,h3-T050=\":443\"; ma=2592000,h3-Q050=\":443\"; ma=2592000,h3-Q049=\":443\"; ma=2592000,h3-Q048=\":443\"; ma=2592000,h3-Q046=\":443\"; ma=2592000,h3-Q043=\":443\"; ma=2592000,quic=\":443\"; ma=2592000; v=\"46,43\"","accept-ranges":"none","transfer-encoding":"chunked"}
[debug] [2020-06-08T00:13:03.045Z] >>> HTTP REQUEST PUT https://storage.googleapis.com/gcf-upload-us-central1-f609f6b5-747e-4bb6-b8ef-cab6a61ab9ed/c0dadfb4-15e4-4eb0-87ee-efb6bc5290be.zip?GoogleAccessId=service-185039441716@gcf-admin-robot.iam.gserviceaccount.com&Expires=1591576982&Signature=KpljVH7A8ZLVTnO99LtLninubqUjiRZWa6tPhzNbPz8ly%2FnKiCtWizZq%2FCIBYkxTY2ZgwCxG2xjP%2B17jadahtlg3ohTPsFncgWgoP6a42wlWCz%2FzQWeOwiXIKRSGyVE3vIqyu4DDLhOEX3adX99LIK0xGAbd5sizwwBnQfrL7rJFJvB0KFyXnSP6mheKjukHnFMPrtVnfWgXzULfRLfs3ek%2Bt6%2F0gVzxCSNBpLHtAMtC4OSaiKgDr%2Bo81q1xXGneDDmJPsXUtiE5I4MpFqRTyLrcxhy56NhYB0yAEntk0JSDAVgxqtO94nM6UmT%2Fd%2BGW8RE%2FC4u%2B2GHgFEIK65ul%2FQ%3D%3D  
 <request body omitted>
[debug] [2020-06-08T00:13:03.375Z] <<< HTTP RESPONSE 200 {"x-guploader-uploadid":"AAANsUkAMZIQsp_bceHen5rFiPfxao6yOhuL89nsyv4EAFCULu8ztHgLreaGr2TNeqGP6ZkMNdwMPbdZzJJDODLMJ28","etag":"\"1c6a7065d1270eb9d25cbf6cfdb9373c\"","x-goog-generation":"1591575183318882","x-goog-metageneration":"1","x-goog-hash":"crc32c=5NT65g==, md5=HGpwZdEnDrnSXL9s/bk3PA==","x-goog-stored-content-length":"80917","x-goog-stored-content-encoding":"identity","vary":"Origin","content-length":"0","date":"Mon, 08 Jun 2020 00:13:03 GMT","server":"UploadServer","content-type":"text/html; charset=UTF-8","alt-svc":"h3-27=\":443\"; ma=2592000,h3-25=\":443\"; ma=2592000,h3-T050=\":443\"; ma=2592000,h3-Q050=\":443\"; ma=2592000,h3-Q049=\":443\"; ma=2592000,h3-Q048=\":443\"; ma=2592000,h3-Q046=\":443\"; ma=2592000,h3-Q043=\":443\"; ma=2592000,quic=\":443\"; ma=2592000; v=\"46,43\""}
[info] ✔  functions: functions folder uploaded successfully 
[info] i  functions: updating Node.js 8 function getOAuthToken(us-central1)... 
[debug] [2020-06-08T00:13:03.379Z] Trigger is:  {"httpsTrigger":{}}
[debug] [2020-06-08T00:13:03.380Z] >>> HTTP REQUEST GET https://serviceusage.googleapis.com/v1/projects/addrobots/services/cloudscheduler.googleapis.com  
 
[debug] [2020-06-08T00:13:03.753Z] <<< HTTP RESPONSE 200 {"content-type":"application/json; charset=UTF-8","vary":"X-Origin, Referer, Origin,Accept-Encoding","date":"Mon, 08 Jun 2020 00:13:03 GMT","server":"ESF","cache-control":"private","x-xss-protection":"0","x-frame-options":"SAMEORIGIN","x-content-type-options":"nosniff","alt-svc":"h3-27=\":443\"; ma=2592000,h3-25=\":443\"; ma=2592000,h3-T050=\":443\"; ma=2592000,h3-Q050=\":443\"; ma=2592000,h3-Q049=\":443\"; ma=2592000,h3-Q048=\":443\"; ma=2592000,h3-Q046=\":443\"; ma=2592000,h3-Q043=\":443\"; ma=2592000,quic=\":443\"; ma=2592000; v=\"46,43\"","accept-ranges":"none","transfer-encoding":"chunked"}
[debug] [2020-06-08T00:13:03.755Z] >>> HTTP REQUEST PATCH https://cloudfunctions.googleapis.com/v1/projects/addrobots/locations/us-central1/functions/getOAuthToken {"updateMask":"sourceUploadUrl,name,labels,runtime,environmentVariables,httpsTrigger"} 
 {"sourceUploadUrl":"https://storage.googleapis.com/gcf-upload-us-central1-f609f6b5-747e-4bb6-b8ef-cab6a61ab9ed/c0dadfb4-15e4-4eb0-87ee-efb6bc5290be.zip?GoogleAccessId=service-185039441716@gcf-admin-robot.iam.gserviceaccount.com&Expires=1591576982&Signature=KpljVH7A8ZLVTnO99LtLninubqUjiRZWa6tPhzNbPz8ly%2FnKiCtWizZq%2FCIBYkxTY2ZgwCxG2xjP%2B17jadahtlg3ohTPsFncgWgoP6a42wlWCz%2FzQWeOwiXIKRSGyVE3vIqyu4DDLhOEX3adX99LIK0xGAbd5sizwwBnQfrL7rJFJvB0KFyXnSP6mheKjukHnFMPrtVnfWgXzULfRLfs3ek%2Bt6%2F0gVzxCSNBpLHtAMtC4OSaiKgDr%2Bo81q1xXGneDDmJPsXUtiE5I4MpFqRTyLrcxhy56NhYB0yAEntk0JSDAVgxqtO94nM6UmT%2Fd%2BGW8RE%2FC4u%2B2GHgFEIK65ul%2FQ%3D%3D","name":"projects/addrobots/locations/us-central1/functions/getOAuthToken","labels":{"deployment-tool":"cli-firebase"},"httpsTrigger":{},"runtime":"nodejs8","environmentVariables":{"FIREBASE_CONFIG":"{\"projectId\":\"addrobots\",\"databaseURL\":\"https://addrobots.firebaseio.com\",\"storageBucket\":\"addrobots.appspot.com\",\"locationId\":\"us-central\"}"}}
[debug] [2020-06-08T00:13:04.456Z] <<< HTTP RESPONSE 200 {"content-type":"application/json; charset=UTF-8","vary":"X-Origin, Referer, Origin,Accept-Encoding","date":"Mon, 08 Jun 2020 00:13:04 GMT","server":"ESF","cache-control":"private","x-xss-protection":"0","x-frame-options":"SAMEORIGIN","x-content-type-options":"nosniff","alt-svc":"h3-27=\":443\"; ma=2592000,h3-25=\":443\"; ma=2592000,h3-T050=\":443\"; ma=2592000,h3-Q050=\":443\"; ma=2592000,h3-Q049=\":443\"; ma=2592000,h3-Q048=\":443\"; ma=2592000,h3-Q046=\":443\"; ma=2592000,h3-Q043=\":443\"; ma=2592000,quic=\":443\"; ma=2592000; v=\"46,43\"","accept-ranges":"none","transfer-encoding":"chunked"}
[debug] [2020-06-08T00:13:04.459Z] >>> HTTP REQUEST GET https://cloudfunctions.googleapis.com/v1/projects/addrobots/locations/-/functions  
 
[debug] [2020-06-08T00:13:04.830Z] <<< HTTP RESPONSE 200 {"content-type":"application/json; charset=UTF-8","vary":"X-Origin, Referer, Origin,Accept-Encoding","date":"Mon, 08 Jun 2020 00:13:04 GMT","server":"ESF","cache-control":"private","x-xss-protection":"0","x-frame-options":"SAMEORIGIN","x-content-type-options":"nosniff","alt-svc":"h3-27=\":443\"; ma=2592000,h3-25=\":443\"; ma=2592000,h3-T050=\":443\"; ma=2592000,h3-Q050=\":443\"; ma=2592000,h3-Q049=\":443\"; ma=2592000,h3-Q048=\":443\"; ma=2592000,h3-Q046=\":443\"; ma=2592000,h3-Q043=\":443\"; ma=2592000,quic=\":443\"; ma=2592000; v=\"46,43\"","accept-ranges":"none","transfer-encoding":"chunked"}
[debug] [2020-06-08T00:13:04.831Z] >>> HTTP REQUEST GET https://cloudfunctions.googleapis.com/v1/operations/YWRkcm9ib3RzL3VzLWNlbnRyYWwxL2dldE9BdXRoVG9rZW4veFRfTFh0cE5jcXM  
 
[debug] [2020-06-08T00:13:05.035Z] <<< HTTP RESPONSE 200 {"content-type":"application/json; charset=UTF-8","vary":"X-Origin, Referer, Origin,Accept-Encoding","date":"Mon, 08 Jun 2020 00:13:04 GMT","server":"ESF","cache-control":"private","x-xss-protection":"0","x-frame-options":"SAMEORIGIN","x-content-type-options":"nosniff","alt-svc":"h3-27=\":443\"; ma=2592000,h3-25=\":443\"; ma=2592000,h3-T050=\":443\"; ma=2592000,h3-Q050=\":443\"; ma=2592000,h3-Q049=\":443\"; ma=2592000,h3-Q048=\":443\"; ma=2592000,h3-Q046=\":443\"; ma=2592000,h3-Q043=\":443\"; ma=2592000,quic=\":443\"; ma=2592000; v=\"46,43\"","accept-ranges":"none","transfer-encoding":"chunked"}
[debug] [2020-06-08T00:13:07.036Z] >>> HTTP REQUEST GET https://cloudfunctions.googleapis.com/v1/operations/YWRkcm9ib3RzL3VzLWNlbnRyYWwxL2dldE9BdXRoVG9rZW4veFRfTFh0cE5jcXM  
 
[debug] [2020-06-08T00:13:07.234Z] <<< HTTP RESPONSE 200 {"content-type":"application/json; charset=UTF-8","vary":"X-Origin, Referer, Origin,Accept-Encoding","date":"Mon, 08 Jun 2020 00:13:07 GMT","server":"ESF","cache-control":"private","x-xss-protection":"0","x-frame-options":"SAMEORIGIN","x-content-type-options":"nosniff","alt-svc":"h3-27=\":443\"; ma=2592000,h3-25=\":443\"; ma=2592000,h3-T050=\":443\"; ma=2592000,h3-Q050=\":443\"; ma=2592000,h3-Q049=\":443\"; ma=2592000,h3-Q048=\":443\"; ma=2592000,h3-Q046=\":443\"; ma=2592000,h3-Q043=\":443\"; ma=2592000,quic=\":443\"; ma=2592000; v=\"46,43\"","accept-ranges":"none","transfer-encoding":"chunked"}
[debug] [2020-06-08T00:13:09.236Z] >>> HTTP REQUEST GET https://cloudfunctions.googleapis.com/v1/operations/YWRkcm9ib3RzL3VzLWNlbnRyYWwxL2dldE9BdXRoVG9rZW4veFRfTFh0cE5jcXM  
 
[debug] [2020-06-08T00:13:09.443Z] <<< HTTP RESPONSE 200 {"content-type":"application/json; charset=UTF-8","vary":"X-Origin, Referer, Origin,Accept-Encoding","date":"Mon, 08 Jun 2020 00:13:09 GMT","server":"ESF","cache-control":"private","x-xss-protection":"0","x-frame-options":"SAMEORIGIN","x-content-type-options":"nosniff","alt-svc":"h3-27=\":443\"; ma=2592000,h3-25=\":443\"; ma=2592000,h3-T050=\":443\"; ma=2592000,h3-Q050=\":443\"; ma=2592000,h3-Q049=\":443\"; ma=2592000,h3-Q048=\":443\"; ma=2592000,h3-Q046=\":443\"; ma=2592000,h3-Q043=\":443\"; ma=2592000,quic=\":443\"; ma=2592000; v=\"46,43\"","accept-ranges":"none","transfer-encoding":"chunked"}
[debug] [2020-06-08T00:13:11.445Z] >>> HTTP REQUEST GET https://cloudfunctions.googleapis.com/v1/operations/YWRkcm9ib3RzL3VzLWNlbnRyYWwxL2dldE9BdXRoVG9rZW4veFRfTFh0cE5jcXM  
 
[debug] [2020-06-08T00:13:11.624Z] <<< HTTP RESPONSE 200 {"content-type":"application/json; charset=UTF-8","vary":"X-Origin, Referer, Origin,Accept-Encoding","date":"Mon, 08 Jun 2020 00:13:11 GMT","server":"ESF","cache-control":"private","x-xss-protection":"0","x-frame-options":"SAMEORIGIN","x-content-type-options":"nosniff","alt-svc":"h3-27=\":443\"; ma=2592000,h3-25=\":443\"; ma=2592000,h3-T050=\":443\"; ma=2592000,h3-Q050=\":443\"; ma=2592000,h3-Q049=\":443\"; ma=2592000,h3-Q048=\":443\"; ma=2592000,h3-Q046=\":443\"; ma=2592000,h3-Q043=\":443\"; ma=2592000,quic=\":443\"; ma=2592000; v=\"46,43\"","accept-ranges":"none","transfer-encoding":"chunked"}
[debug] [2020-06-08T00:13:13.626Z] >>> HTTP REQUEST GET https://cloudfunctions.googleapis.com/v1/operations/YWRkcm9ib3RzL3VzLWNlbnRyYWwxL2dldE9BdXRoVG9rZW4veFRfTFh0cE5jcXM  
 
[debug] [2020-06-08T00:13:13.814Z] <<< HTTP RESPONSE 200 {"content-type":"application/json; charset=UTF-8","vary":"X-Origin, Referer, Origin,Accept-Encoding","date":"Mon, 08 Jun 2020 00:13:13 GMT","server":"ESF","cache-control":"private","x-xss-protection":"0","x-frame-options":"SAMEORIGIN","x-content-type-options":"nosniff","alt-svc":"h3-27=\":443\"; ma=2592000,h3-25=\":443\"; ma=2592000,h3-T050=\":443\"; ma=2592000,h3-Q050=\":443\"; ma=2592000,h3-Q049=\":443\"; ma=2592000,h3-Q048=\":443\"; ma=2592000,h3-Q046=\":443\"; ma=2592000,h3-Q043=\":443\"; ma=2592000,quic=\":443\"; ma=2592000; v=\"46,43\"","accept-ranges":"none","transfer-encoding":"chunked"}
[debug] [2020-06-08T00:13:15.819Z] >>> HTTP REQUEST GET https://cloudfunctions.googleapis.com/v1/operations/YWRkcm9ib3RzL3VzLWNlbnRyYWwxL2dldE9BdXRoVG9rZW4veFRfTFh0cE5jcXM  
 
[debug] [2020-06-08T00:13:16.028Z] <<< HTTP RESPONSE 200 {"content-type":"application/json; charset=UTF-8","vary":"X-Origin, Referer, Origin,Accept-Encoding","date":"Mon, 08 Jun 2020 00:13:15 GMT","server":"ESF","cache-control":"private","x-xss-protection":"0","x-frame-options":"SAMEORIGIN","x-content-type-options":"nosniff","alt-svc":"h3-27=\":443\"; ma=2592000,h3-25=\":443\"; ma=2592000,h3-T050=\":443\"; ma=2592000,h3-Q050=\":443\"; ma=2592000,h3-Q049=\":443\"; ma=2592000,h3-Q048=\":443\"; ma=2592000,h3-Q046=\":443\"; ma=2592000,h3-Q043=\":443\"; ma=2592000,quic=\":443\"; ma=2592000; v=\"46,43\"","accept-ranges":"none","transfer-encoding":"chunked"}
[debug] [2020-06-08T00:13:18.031Z] >>> HTTP REQUEST GET https://cloudfunctions.googleapis.com/v1/operations/YWRkcm9ib3RzL3VzLWNlbnRyYWwxL2dldE9BdXRoVG9rZW4veFRfTFh0cE5jcXM  
 
[debug] [2020-06-08T00:13:18.236Z] <<< HTTP RESPONSE 200 {"content-type":"application/json; charset=UTF-8","vary":"X-Origin, Referer, Origin,Accept-Encoding","date":"Mon, 08 Jun 2020 00:13:18 GMT","server":"ESF","cache-control":"private","x-xss-protection":"0","x-frame-options":"SAMEORIGIN","x-content-type-options":"nosniff","alt-svc":"h3-27=\":443\"; ma=2592000,h3-25=\":443\"; ma=2592000,h3-T050=\":443\"; ma=2592000,h3-Q050=\":443\"; ma=2592000,h3-Q049=\":443\"; ma=2592000,h3-Q048=\":443\"; ma=2592000,h3-Q046=\":443\"; ma=2592000,h3-Q043=\":443\"; ma=2592000,quic=\":443\"; ma=2592000; v=\"46,43\"","accept-ranges":"none","transfer-encoding":"chunked"}
[debug] [2020-06-08T00:13:20.238Z] >>> HTTP REQUEST GET https://cloudfunctions.googleapis.com/v1/operations/YWRkcm9ib3RzL3VzLWNlbnRyYWwxL2dldE9BdXRoVG9rZW4veFRfTFh0cE5jcXM  
 
[debug] [2020-06-08T00:13:20.434Z] <<< HTTP RESPONSE 200 {"content-type":"application/json; charset=UTF-8","vary":"X-Origin, Referer, Origin,Accept-Encoding","date":"Mon, 08 Jun 2020 00:13:20 GMT","server":"ESF","cache-control":"private","x-xss-protection":"0","x-frame-options":"SAMEORIGIN","x-content-type-options":"nosniff","alt-svc":"h3-27=\":443\"; ma=2592000,h3-25=\":443\"; ma=2592000,h3-T050=\":443\"; ma=2592000,h3-Q050=\":443\"; ma=2592000,h3-Q049=\":443\"; ma=2592000,h3-Q048=\":443\"; ma=2592000,h3-Q046=\":443\"; ma=2592000,h3-Q043=\":443\"; ma=2592000,quic=\":443\"; ma=2592000; v=\"46,43\"","accept-ranges":"none","transfer-encoding":"chunked"}
[debug] [2020-06-08T00:13:22.444Z] >>> HTTP REQUEST GET https://cloudfunctions.googleapis.com/v1/operations/YWRkcm9ib3RzL3VzLWNlbnRyYWwxL2dldE9BdXRoVG9rZW4veFRfTFh0cE5jcXM  
 
[debug] [2020-06-08T00:13:22.617Z] <<< HTTP RESPONSE 200 {"content-type":"application/json; charset=UTF-8","vary":"X-Origin, Referer, Origin,Accept-Encoding","date":"Mon, 08 Jun 2020 00:13:22 GMT","server":"ESF","cache-control":"private","x-xss-protection":"0","x-frame-options":"SAMEORIGIN","x-content-type-options":"nosniff","alt-svc":"h3-27=\":443\"; ma=2592000,h3-25=\":443\"; ma=2592000,h3-T050=\":443\"; ma=2592000,h3-Q050=\":443\"; ma=2592000,h3-Q049=\":443\"; ma=2592000,h3-Q048=\":443\"; ma=2592000,h3-Q046=\":443\"; ma=2592000,h3-Q043=\":443\"; ma=2592000,quic=\":443\"; ma=2592000; v=\"46,43\"","accept-ranges":"none","transfer-encoding":"chunked"}
[debug] [2020-06-08T00:13:24.620Z] >>> HTTP REQUEST GET https://cloudfunctions.googleapis.com/v1/operations/YWRkcm9ib3RzL3VzLWNlbnRyYWwxL2dldE9BdXRoVG9rZW4veFRfTFh0cE5jcXM  
 
[debug] [2020-06-08T00:13:24.816Z] <<< HTTP RESPONSE 200 {"content-type":"application/json; charset=UTF-8","vary":"X-Origin, Referer, Origin,Accept-Encoding","date":"Mon, 08 Jun 2020 00:13:24 GMT","server":"ESF","cache-control":"private","x-xss-protection":"0","x-frame-options":"SAMEORIGIN","x-content-type-options":"nosniff","alt-svc":"h3-27=\":443\"; ma=2592000,h3-25=\":443\"; ma=2592000,h3-T050=\":443\"; ma=2592000,h3-Q050=\":443\"; ma=2592000,h3-Q049=\":443\"; ma=2592000,h3-Q048=\":443\"; ma=2592000,h3-Q046=\":443\"; ma=2592000,h3-Q043=\":443\"; ma=2592000,quic=\":443\"; ma=2592000; v=\"46,43\"","accept-ranges":"none","transfer-encoding":"chunked"}
[debug] [2020-06-08T00:13:26.818Z] >>> HTTP REQUEST GET https://cloudfunctions.googleapis.com/v1/operations/YWRkcm9ib3RzL3VzLWNlbnRyYWwxL2dldE9BdXRoVG9rZW4veFRfTFh0cE5jcXM  
 
[debug] [2020-06-08T00:13:26.995Z] <<< HTTP RESPONSE 200 {"content-type":"application/json; charset=UTF-8","vary":"X-Origin, Referer, Origin,Accept-Encoding","date":"Mon, 08 Jun 2020 00:13:26 GMT","server":"ESF","cache-control":"private","x-xss-protection":"0","x-frame-options":"SAMEORIGIN","x-content-type-options":"nosniff","alt-svc":"h3-27=\":443\"; ma=2592000,h3-25=\":443\"; ma=2592000,h3-T050=\":443\"; ma=2592000,h3-Q050=\":443\"; ma=2592000,h3-Q049=\":443\"; ma=2592000,h3-Q048=\":443\"; ma=2592000,h3-Q046=\":443\"; ma=2592000,h3-Q043=\":443\"; ma=2592000,quic=\":443\"; ma=2592000; v=\"46,43\"","accept-ranges":"none","transfer-encoding":"chunked"}
[debug] [2020-06-08T00:13:28.996Z] >>> HTTP REQUEST GET https://cloudfunctions.googleapis.com/v1/operations/YWRkcm9ib3RzL3VzLWNlbnRyYWwxL2dldE9BdXRoVG9rZW4veFRfTFh0cE5jcXM  
 
[debug] [2020-06-08T00:13:29.152Z] <<< HTTP RESPONSE 200 {"content-type":"application/json; charset=UTF-8","vary":"X-Origin, Referer, Origin,Accept-Encoding","date":"Mon, 08 Jun 2020 00:13:29 GMT","server":"ESF","cache-control":"private","x-xss-protection":"0","x-frame-options":"SAMEORIGIN","x-content-type-options":"nosniff","alt-svc":"h3-27=\":443\"; ma=2592000,h3-25=\":443\"; ma=2592000,h3-T050=\":443\"; ma=2592000,h3-Q050=\":443\"; ma=2592000,h3-Q049=\":443\"; ma=2592000,h3-Q048=\":443\"; ma=2592000,h3-Q046=\":443\"; ma=2592000,h3-Q043=\":443\"; ma=2592000,quic=\":443\"; ma=2592000; v=\"46,43\"","accept-ranges":"none","transfer-encoding":"chunked"}
[debug] [2020-06-08T00:13:31.154Z] >>> HTTP REQUEST GET https://cloudfunctions.googleapis.com/v1/operations/YWRkcm9ib3RzL3VzLWNlbnRyYWwxL2dldE9BdXRoVG9rZW4veFRfTFh0cE5jcXM  
 
[debug] [2020-06-08T00:13:31.347Z] <<< HTTP RESPONSE 200 {"content-type":"application/json; charset=UTF-8","vary":"X-Origin, Referer, Origin,Accept-Encoding","date":"Mon, 08 Jun 2020 00:13:31 GMT","server":"ESF","cache-control":"private","x-xss-protection":"0","x-frame-options":"SAMEORIGIN","x-content-type-options":"nosniff","alt-svc":"h3-27=\":443\"; ma=2592000,h3-25=\":443\"; ma=2592000,h3-T050=\":443\"; ma=2592000,h3-Q050=\":443\"; ma=2592000,h3-Q049=\":443\"; ma=2592000,h3-Q048=\":443\"; ma=2592000,h3-Q046=\":443\"; ma=2592000,h3-Q043=\":443\"; ma=2592000,quic=\":443\"; ma=2592000; v=\"46,43\"","accept-ranges":"none","transfer-encoding":"chunked"}
[debug] [2020-06-08T00:13:33.350Z] >>> HTTP REQUEST GET https://cloudfunctions.googleapis.com/v1/operations/YWRkcm9ib3RzL3VzLWNlbnRyYWwxL2dldE9BdXRoVG9rZW4veFRfTFh0cE5jcXM  
 
